<?xml version="1.0" encoding="UTF-8"?>
<!-- Generated by org.testng.reporters.JUnitReportReporter -->
<testsuite ignored="0" hostname="Veronicas-MacBook-Pro.local" failures="0" tests="1" name="testNG.pruebaNG" time="2.852" errors="0" timestamp="20 Apr 2024 16:49:42 GMT" skipped="0">
  <testcase classname="testNG.pruebaNG" name="test01" time="2.852"/>
</testsuite> <!-- testNG.pruebaNG -->
